<?xml version="1.0" encoding="UTF-8"?>
<!-- Generated by org.testng.reporters.JUnitReportReporter -->
<testsuite hostname="DESKTOP-AEI6VM2" failures="0" tests="1" name="com.automation.UserOneRegistration" time="45.098" errors="0" timestamp="2021-05-22T14:12:27 BDT" skipped="0">
  <testcase classname="com.automation.UserOneRegistration" name="registration" time="45.098"/>
  <system-out/>
</testsuite> <!-- com.automation.UserOneRegistration -->
