<?xml version="1.0" encoding="UTF-8"?>
<!-- Generated by org.testng.reporters.JUnitReportReporter -->
<testsuite hostname="DESKTOP-AEI6VM2" failures="0" tests="1" name="com.automation.UserRegistrationOne" time="46.669" errors="0" timestamp="2021-05-22T14:30:59 BDT" skipped="0">
  <testcase classname="com.automation.UserRegistrationOne" name="registration" time="46.669"/>
  <system-out/>
</testsuite> <!-- com.automation.UserRegistrationOne -->
