<?xml version="1.0" encoding="UTF-8"?>
<!-- Generated by org.testng.reporters.JUnitReportReporter -->
<testsuite hostname="DESKTOP-AEI6VM2" failures="0" tests="1" name="com.automation.UserTwoRegistrationAndBuy" time="60.363" errors="0" timestamp="2021-05-22T14:12:27 BDT" skipped="0">
  <testcase classname="com.automation.UserTwoRegistrationAndBuy" name="registrationAndBuy" time="60.363"/>
  <system-out/>
</testsuite> <!-- com.automation.UserTwoRegistrationAndBuy -->
